<?xml version="1.0" encoding="utf-8"?><testsuites name="pytest tests"><testsuite name="pytest" errors="0" failures="0" skipped="0" tests="5" time="46.159" timestamp="2026-05-19T10:29:28.575433+01:00" hostname="DESKTOP-U5K0V15"><testcase classname="tests.test_compliance_evidence_gate" name="test_compliance_evidence_gate_phase1_export_integrity" time="6.966" /><testcase classname="tests.test_compliance_evidence_gate" name="test_compliance_evidence_gate_phase2_database_tamper" time="6.029" /><testcase classname="tests.test_compliance_evidence_gate" name="test_compliance_evidence_gate_phase3_dlq_survival" time="0.561" /><testcase classname="tests.test_compliance_evidence_gate" name="test_compliance_evidence_gate_summary" time="0.637" /><testcase classname="tests.test_grand_master_e2e" name="test_grand_master_e2e" time="31.887" /></testsuite></testsuites>